[debug] [2019-12-13T16:36:38.286Z] ----------------------------------------------------------------------
[debug] [2019-12-13T16:36:38.290Z] Command:       C:\Program Files\nodejs\node.exe C:\Users\Abhinav Akhil\AppData\Roaming\npm\node_modules\firebase-tools\lib\bin\firebase.js init
[debug] [2019-12-13T16:36:38.290Z] CLI Version:   7.10.0
[debug] [2019-12-13T16:36:38.290Z] Platform:      win32
[debug] [2019-12-13T16:36:38.290Z] Node Version:  v10.16.2
[debug] [2019-12-13T16:36:38.293Z] Time:          Fri Dec 13 2019 22:06:38 GMT+0530 (India Standard Time)
[debug] [2019-12-13T16:36:38.293Z] ----------------------------------------------------------------------
[debug] [2019-12-13T16:36:38.293Z] 
[debug] [2019-12-13T16:36:38.307Z] > command requires scopes: ["email","openid","https://www.googleapis.com/auth/cloudplatformprojects.readonly","https://www.googleapis.com/auth/firebase","https://www.googleapis.com/auth/cloud-platform"]
[debug] [2019-12-13T16:36:38.308Z] > authorizing via signed-in user
[info] 
     ######## #### ########  ######## ########     ###     ######  ########
     ##        ##  ##     ## ##       ##     ##  ##   ##  ##       ##
     ######    ##  ########  ######   ########  #########  ######  ######
     ##        ##  ##    ##  ##       ##     ## ##     ##       ## ##
     ##       #### ##     ## ######## ########  ##     ##  ######  ########

You're about to initialize a Firebase project in this directory:

  C:\Users\Abhinav Akhil\Desktop\youtube-clone

[info] 
=== Project Setup
[info] 
[info] First, let's associate this project directory with a Firebase project.
[info] You can create multiple project aliases by running firebase use --add, 
[info] but for now we'll just set up a default project.
[info] 
[debug] [2019-12-13T16:37:14.705Z] > refreshing access token with scopes: ["email","https://www.googleapis.com/auth/cloud-platform","https://www.googleapis.com/auth/cloudplatformprojects.readonly","https://www.googleapis.com/auth/firebase","openid"]
[debug] [2019-12-13T16:37:14.705Z] >>> HTTP REQUEST POST https://www.googleapis.com/oauth2/v3/token  
 <request body omitted>
[debug] [2019-12-13T16:37:19.121Z] <<< HTTP RESPONSE 200
[debug] [2019-12-13T16:37:19.164Z] >>> HTTP REQUEST GET https://firebase.googleapis.com/v1beta1/projects?pageSize=100  
 
[debug] [2019-12-13T16:37:21.077Z] <<< HTTP RESPONSE 200
[info] i  Using project react-88763 (youtube-react)
[info] 
=== Database Setup
[info] 
[info] Firebase Realtime Database Rules allow you to define how your data should be
[info] structured and when your data can be read from and written to.
[info] 
[debug] [2019-12-13T16:37:45.122Z] >>> HTTP REQUEST GET https://react-88763.firebaseio.com/.settings/rules.json  
 
[debug] [2019-12-13T16:37:49.213Z] <<< HTTP RESPONSE 200
[info] +  Database Rules for react-88763 have been downloaded to build.
[info] Future modifications to build will update Database Rules when you run
[info] firebase deploy.
[info] 
=== Hosting Setup
[info] 
[info] Your public directory is the folder (relative to your project directory) that
[info] will contain Hosting assets to be uploaded with firebase deploy. If you
[info] have a build process for your assets, use your build's output directory.
[info] 
[debug] [2019-12-13T16:37:57.674Z] >>> HTTP REQUEST GET https://www.gstatic.com/firebasejs/releases.json  
 
[debug] [2019-12-13T16:37:58.566Z] <<< HTTP RESPONSE 200
[debug] [2019-12-13T16:37:59.312Z] Error: ENOENT: no such file or directory, open 'C:\Users\Abhinav Akhil\Desktop\youtube-clone\build\index.html'
    at Object.openSync (fs.js:443:3)
    at Object.writeFileSync (fs.js:1194:35)
    at Object.createFileSync (C:\Users\Abhinav Akhil\AppData\Roaming\npm\node_modules\firebase-tools\node_modules\fs-extra\lib\ensure\file.js:34:6)
    at Config.writeProjectFile (C:\Users\Abhinav Akhil\AppData\Roaming\npm\node_modules\firebase-tools\lib\config.js:178:8)
    at C:\Users\Abhinav Akhil\AppData\Roaming\npm\node_modules\firebase-tools\lib\config.js:197:18
    at process._tickCallback (internal/process/next_tick.js:68:7)
[error] 
[error] Error: An unexpected error has occurred.
